2017-07-10T10:14:51 - Refactor code structure
2017-07-10T11:45:36 - Improve UI/UX
2017-07-10T09:06:22 - Remove unused code
2017-07-10T17:25:18 - Improve performance
2017-07-13T15:12:36 - Update documentation
2017-07-13T13:35:47 - Improve performance
2017-07-13T17:25:34 - Initial setup
2017-07-13T13:29:18 - Minor cleanup
2017-07-13T18:21:39 - Refactor code structure
2017-07-14T15:34:16 - Add tests
2017-07-14T15:39:41 - Fix bug in logic
2017-07-14T16:31:55 - Improve performance
2017-07-14T09:32:19 - Update documentation
2017-07-14T10:22:49 - Remove unused code
2017-07-18T15:14:14 - Fix bug in logic
2017-07-18T16:13:03 - Minor cleanup
2017-07-18T09:33:31 - Minor cleanup
2017-07-18T14:18:00 - Improve performance
2017-07-18T12:19:15 - Improve UI/UX
2017-07-19T15:42:20 - Update documentation
2017-07-19T14:01:12 - Add tests
2017-07-19T10:39:53 - Fix bug in logic
2017-07-17T10:40:05 - Improve UI/UX
2017-07-17T17:47:58 - Minor cleanup
2017-07-17T09:14:59 - Add new feature
2017-07-17T09:35:16 - Refactor code structure
2017-07-17T17:32:09 - Minor cleanup
2017-07-17T15:12:17 - Refactor code structure
2017-07-25T11:18:01 - Initial setup
2017-07-25T10:29:52 - Initial setup
2017-07-25T11:08:19 - Update documentation
2017-07-25T09:32:41 - Minor cleanup
2017-07-25T17:25:21 - Add new feature
2017-07-27T09:42:55 - Initial setup
2017-07-27T11:00:00 - Refactor code structure
2017-07-27T17:07:43 - Refactor code structure
2017-07-28T10:44:45 - Fix bug in logic
2017-07-28T18:45:20 - Minor cleanup
2017-07-28T12:52:19 - Add new feature
2017-07-28T12:27:29 - Initial setup
2017-07-28T16:27:17 - Minor cleanup
2017-08-02T11:34:05 - Improve performance
2017-08-02T15:02:41 - Add new feature
2017-08-02T10:37:09 - Fix bug in logic
2017-08-02T11:00:33 - Improve UI/UX
2017-08-02T09:00:36 - Minor cleanup
2017-07-31T11:12:52 - Fix bug in logic
2017-07-31T18:18:14 - Improve performance
2017-07-31T16:23:08 - Update documentation
2017-07-31T12:54:27 - Improve UI/UX
2017-07-31T11:59:23 - Add tests
